<?xml version="1.0" encoding="UTF-8"?>
<!-- Generated by org.testng.reporters.JUnitXMLReporter -->
<testsuite ignored="0" hostname="Rajaneesh" failures="0" tests="4" name="Default test" time="10.6" errors="0" timestamp="2024-03-11T09:03:46 IST">
  <testcase classname="api.test.TC0001" name="NinetyNineAcres" time="5.761"/>
  <testcase classname="api.test.TC0001" name="postHousing" time="1.721"/>
  <testcase classname="api.test.TC0001" name="postRoofFloor" time="1.535"/>
  <testcase classname="api.test.TC0001" name="postmicrosoftAds" time="1.536"/>
</testsuite> <!-- Default test -->
