<?xml version="1.0" encoding="UTF-8"?>
<!-- Generated by org.testng.reporters.JUnitXMLReporter -->
<testsuite ignored="0" hostname="Rajaneesh" failures="0" tests="1" name="Test" time="7.867" errors="0" timestamp="2024-03-04T22:09:49 IST">
  <testcase classname="testCases.BaseTest" name="@BeforeClass setup" time="7.763">
    <failure type="java.lang.NullPointerException" message="Cannot invoke &amp;quot;org.apache.log4j.Logger.info(Object)&amp;quot; because &amp;quot;testCases.BaseTest.logger&amp;quot; is null">
      <![CDATA[java.lang.NullPointerException: Cannot invoke "org.apache.log4j.Logger.info(Object)" because "testCases.BaseTest.logger" is null
at testCases.BaseTest.setup(BaseTest.java:54)
at java.base/java.util.ArrayList.forEach(ArrayList.java:1511)
... Removed 25 stack frames]]>
    </failure>
  </testcase> <!-- @BeforeClass setup -->
  <testcase classname="testCases.BaseTest" name="@AfterClass teardown" time="-1.709570389588E9">
    <skipped/>
  </testcase> <!-- @AfterClass teardown -->
  <testcase classname="testCases.Tc001_AddLead" name="set" time="0.0">
    <skipped/>
  </testcase> <!-- set -->
</testsuite> <!-- Test -->
