<?xml version="1.0" encoding="UTF-8"?>
<testng-results ignored="0" total="1" passed="1" failed="0" skipped="0">
  <reporter-output>
  </reporter-output>
  <suite started-at="2024-04-24T17:00:37 IST" name="LeadRatSuite" finished-at="2024-04-24T17:01:05 IST" duration-ms="28499">
    <groups>
    </groups>
    <test started-at="2024-04-24T17:00:37 IST" name="Leadrat Test" finished-at="2024-04-24T17:01:05 IST" duration-ms="28499">
      <class name="testCases.Tc001_AddLead">
        <test-method is-config="true" signature="setup(java.lang.String)[pri:0, instance:testCases.Tc001_AddLead@6f1de4c7]" started-at="2024-04-24T17:00:37 IST" name="setup" finished-at="2024-04-24T17:00:41 IST" duration-ms="4196" status="PASS">
          <params>
            <param index="0">
              <value>
                <![CDATA[chrome]]>
              </value>
            </param>
          </params>
          <reporter-output>
          </reporter-output>
        </test-method> <!-- setup -->
        <test-method is-config="true" signature="setUp()[pri:0, instance:testCases.Tc001_AddLead@6f1de4c7]" started-at="2024-04-24T17:00:41 IST" name="setUp" finished-at="2024-04-24T17:00:44 IST" duration-ms="2520" status="PASS">
          <reporter-output>
          </reporter-output>
        </test-method> <!-- setUp -->
        <test-method signature="addingLead()[pri:0, instance:testCases.Tc001_AddLead@6f1de4c7]" started-at="2024-04-24T17:00:44 IST" name="addingLead" finished-at="2024-04-24T17:01:05 IST" duration-ms="20879" status="PASS">
          <reporter-output>
          </reporter-output>
        </test-method> <!-- addingLead -->
        <test-method is-config="true" signature="teardown()[pri:0, instance:testCases.Tc001_AddLead@6f1de4c7]" started-at="2024-04-24T17:01:05 IST" name="teardown" finished-at="2024-04-24T17:01:05 IST" duration-ms="425" status="PASS">
          <reporter-output>
          </reporter-output>
        </test-method> <!-- teardown -->
      </class> <!-- testCases.Tc001_AddLead -->
    </test> <!-- Leadrat Test -->
  </suite> <!-- LeadRatSuite -->
</testng-results>
