<?xml version="1.0" encoding="UTF-8"?>
<testng-results ignored="0" total="1" passed="1" failed="0" skipped="0">
  <reporter-output>
  </reporter-output>
  <suite started-at="2024-08-02T09:03:26 IST" name="LeadRatSuite" finished-at="2024-08-02T09:03:57 IST" duration-ms="30274">
    <groups>
    </groups>
    <test started-at="2024-08-02T09:03:26 IST" name="Leadrat Test" finished-at="2024-08-02T09:03:57 IST" duration-ms="30274">
      <class name="web.test.TC001_AddLead">
        <test-method is-config="true" signature="setUp(java.lang.String)[pri:0, instance:web.test.TC001_AddLead@207b8649]" started-at="2024-08-02T09:03:27 IST" name="setUp" finished-at="2024-08-02T09:03:38 IST" duration-ms="11593" status="PASS">
          <params>
            <param index="0">
              <value>
                <![CDATA[chrome]]>
              </value>
            </param>
          </params>
          <reporter-output>
          </reporter-output>
        </test-method> <!-- setUp -->
        <test-method signature="Creating_a_Lead_through_Web()[pri:0, instance:web.test.TC001_AddLead@207b8649]" started-at="2024-08-02T09:03:38 IST" name="Creating_a_Lead_through_Web" finished-at="2024-08-02T09:03:56 IST" duration-ms="17722" status="PASS">
          <reporter-output>
          </reporter-output>
        </test-method> <!-- Creating_a_Lead_through_Web -->
        <test-method is-config="true" signature="tearDown()[pri:0, instance:web.test.TC001_AddLead@207b8649]" started-at="2024-08-02T09:03:56 IST" name="tearDown" finished-at="2024-08-02T09:03:57 IST" duration-ms="405" status="PASS">
          <reporter-output>
          </reporter-output>
        </test-method> <!-- tearDown -->
      </class> <!-- web.test.TC001_AddLead -->
    </test> <!-- Leadrat Test -->
  </suite> <!-- LeadRatSuite -->
</testng-results>
