<?xml version="1.0" encoding="UTF-8"?>
<testng-results ignored="0" total="6" passed="6" failed="0" skipped="0">
  <reporter-output>
  </reporter-output>
  <suite started-at="2024-07-14T20:24:12 IST" name="LeadRatSuite" finished-at="2024-07-14T20:25:34 IST" duration-ms="82503">
    <groups>
    </groups>
    <test started-at="2024-07-14T20:24:12 IST" name="Leadrat Test" finished-at="2024-07-14T20:25:34 IST" duration-ms="82503">
      <class name="web.test.TC002_AddData">
        <test-method is-config="true" signature="setup(java.lang.String)[pri:0, instance:web.test.TC002_AddData@6913c1fb]" started-at="2024-07-14T20:24:38 IST" name="setup" finished-at="2024-07-14T20:24:40 IST" duration-ms="1494" status="PASS">
          <params>
            <param index="0">
              <value>
                <![CDATA[chrome]]>
              </value>
            </param>
          </params>
          <reporter-output>
          </reporter-output>
        </test-method> <!-- setup -->
        <test-method is-config="true" signature="setUp()[pri:0, instance:web.test.TC002_AddData@6913c1fb]" started-at="2024-07-14T20:24:40 IST" name="setUp" finished-at="2024-07-14T20:24:45 IST" duration-ms="5073" status="PASS">
          <reporter-output>
          </reporter-output>
        </test-method> <!-- setUp -->
        <test-method signature="addingData()[pri:0, instance:web.test.TC002_AddData@6913c1fb]" started-at="2024-07-14T20:24:45 IST" name="addingData" finished-at="2024-07-14T20:25:03 IST" duration-ms="17916" status="PASS">
          <reporter-output>
          </reporter-output>
        </test-method> <!-- addingData -->
        <test-method is-config="true" signature="teardown()[pri:0, instance:web.test.TC002_AddData@6913c1fb]" started-at="2024-07-14T20:25:03 IST" name="teardown" finished-at="2024-07-14T20:25:03 IST" duration-ms="303" status="PASS">
          <reporter-output>
          </reporter-output>
        </test-method> <!-- teardown -->
      </class> <!-- web.test.TC002_AddData -->
      <class name="web.test.TC001_AddLead">
        <test-method is-config="true" signature="setup(java.lang.String)[pri:0, instance:web.test.TC001_AddLead@22fcf7ab]" started-at="2024-07-14T20:24:12 IST" name="setup" finished-at="2024-07-14T20:24:14 IST" duration-ms="2843" status="PASS">
          <params>
            <param index="0">
              <value>
                <![CDATA[chrome]]>
              </value>
            </param>
          </params>
          <reporter-output>
          </reporter-output>
        </test-method> <!-- setup -->
        <test-method is-config="true" signature="setUp()[pri:0, instance:web.test.TC001_AddLead@22fcf7ab]" started-at="2024-07-14T20:24:14 IST" name="setUp" finished-at="2024-07-14T20:24:22 IST" duration-ms="7269" status="PASS">
          <reporter-output>
          </reporter-output>
        </test-method> <!-- setUp -->
        <test-method signature="addingLead()[pri:0, instance:web.test.TC001_AddLead@22fcf7ab]" started-at="2024-07-14T20:24:22 IST" name="addingLead" finished-at="2024-07-14T20:24:38 IST" duration-ms="16003" status="PASS">
          <reporter-output>
          </reporter-output>
        </test-method> <!-- addingLead -->
        <test-method is-config="true" signature="teardown()[pri:0, instance:web.test.TC001_AddLead@22fcf7ab]" started-at="2024-07-14T20:24:38 IST" name="teardown" finished-at="2024-07-14T20:24:38 IST" duration-ms="439" status="PASS">
          <reporter-output>
          </reporter-output>
        </test-method> <!-- teardown -->
      </class> <!-- web.test.TC001_AddLead -->
      <class name="web.test.TC003_dpTest">
        <test-method is-config="true" signature="setup(java.lang.String)[pri:0, instance:web.test.TC003_dpTest@66d18979]" started-at="2024-07-14T20:25:03 IST" name="setup" finished-at="2024-07-14T20:25:04 IST" duration-ms="1358" status="PASS">
          <params>
            <param index="0">
              <value>
                <![CDATA[chrome]]>
              </value>
            </param>
          </params>
          <reporter-output>
          </reporter-output>
        </test-method> <!-- setup -->
        <test-method is-config="true" signature="setUp()[pri:0, instance:web.test.TC003_dpTest@66d18979]" started-at="2024-07-14T20:25:06 IST" name="setUp" finished-at="2024-07-14T20:25:08 IST" duration-ms="1948" status="PASS">
          <reporter-output>
          </reporter-output>
        </test-method> <!-- setUp -->
        <test-method signature="LoginDDt(java.lang.String,java.lang.String)[pri:0, instance:web.test.TC003_dpTest@66d18979]" started-at="2024-07-14T20:25:08 IST" name="LoginDDt" data-provider="LoginData" finished-at="2024-07-14T20:25:18 IST" duration-ms="10448" status="PASS">
          <params>
            <param index="0">
              <value>
                <![CDATA[Rajaneesh]]>
              </value>
            </param>
            <param index="1">
              <value>
                <![CDATA[raj@123]]>
              </value>
            </param>
          </params>
          <reporter-output>
          </reporter-output>
        </test-method> <!-- LoginDDt -->
        <test-method is-config="true" signature="setUp()[pri:0, instance:web.test.TC003_dpTest@66d18979]" started-at="2024-07-14T20:25:18 IST" name="setUp" finished-at="2024-07-14T20:25:20 IST" duration-ms="2156" status="PASS">
          <reporter-output>
          </reporter-output>
        </test-method> <!-- setUp -->
        <test-method signature="LoginDDt(java.lang.String,java.lang.String)[pri:0, instance:web.test.TC003_dpTest@66d18979]" started-at="2024-07-14T20:25:20 IST" name="LoginDDt" data-provider="LoginData" finished-at="2024-07-14T20:25:24 IST" duration-ms="4386" status="PASS">
          <params>
            <param index="0">
              <value>
                <![CDATA[mounikapampana]]>
              </value>
            </param>
            <param index="1">
              <value>
                <![CDATA[P@ssw0rd!1]]>
              </value>
            </param>
          </params>
          <reporter-output>
          </reporter-output>
        </test-method> <!-- LoginDDt -->
        <test-method is-config="true" signature="setUp()[pri:0, instance:web.test.TC003_dpTest@66d18979]" started-at="2024-07-14T20:25:25 IST" name="setUp" finished-at="2024-07-14T20:25:26 IST" duration-ms="1037" status="PASS">
          <reporter-output>
          </reporter-output>
        </test-method> <!-- setUp -->
        <test-method signature="LoginDDt(java.lang.String,java.lang.String)[pri:0, instance:web.test.TC003_dpTest@66d18979]" started-at="2024-07-14T20:25:26 IST" name="LoginDDt" data-provider="LoginData" finished-at="2024-07-14T20:25:29 IST" duration-ms="3682" status="PASS">
          <params>
            <param index="0">
              <value>
                <![CDATA[BasicUser]]>
              </value>
            </param>
            <param index="1">
              <value>
                <![CDATA[Basicuser@123]]>
              </value>
            </param>
          </params>
          <reporter-output>
          </reporter-output>
        </test-method> <!-- LoginDDt -->
        <test-method is-config="true" signature="setUp()[pri:0, instance:web.test.TC003_dpTest@66d18979]" started-at="2024-07-14T20:25:29 IST" name="setUp" finished-at="2024-07-14T20:25:30 IST" duration-ms="1065" status="PASS">
          <reporter-output>
          </reporter-output>
        </test-method> <!-- setUp -->
        <test-method signature="LoginDDt(java.lang.String,java.lang.String)[pri:0, instance:web.test.TC003_dpTest@66d18979]" started-at="2024-07-14T20:25:30 IST" name="LoginDDt" data-provider="LoginData" finished-at="2024-07-14T20:25:34 IST" duration-ms="3393" status="PASS">
          <params>
            <param index="0">
              <value>
                <![CDATA[test@123]]>
              </value>
            </param>
            <param index="1">
              <value>
                <![CDATA[P@ssw0rd!]]>
              </value>
            </param>
          </params>
          <reporter-output>
          </reporter-output>
        </test-method> <!-- LoginDDt -->
        <test-method is-config="true" signature="teardown()[pri:0, instance:web.test.TC003_dpTest@66d18979]" started-at="2024-07-14T20:25:34 IST" name="teardown" finished-at="2024-07-14T20:25:34 IST" duration-ms="397" status="PASS">
          <reporter-output>
          </reporter-output>
        </test-method> <!-- teardown -->
      </class> <!-- web.test.TC003_dpTest -->
    </test> <!-- Leadrat Test -->
  </suite> <!-- LeadRatSuite -->
</testng-results>
