<?xml version="1.0" encoding="UTF-8"?>
<testng-results ignored="0" total="2" passed="2" failed="0" skipped="0">
  <reporter-output>
  </reporter-output>
  <suite started-at="2024-06-13T21:15:04 IST" name="LeadRatSuite" finished-at="2024-06-13T21:15:15 IST" duration-ms="10367">
    <groups>
    </groups>
    <test started-at="2024-06-13T21:15:04 IST" name="Leadrat Test" finished-at="2024-06-13T21:15:15 IST" duration-ms="10367">
      <class name="api.test.TC0005_api">
        <test-method signature="testProperty()[pri:1, instance:api.test.TC0005_api@1a7288a3]" started-at="2024-06-13T21:15:05 IST" name="testProperty" finished-at="2024-06-13T21:15:12 IST" duration-ms="7440" status="PASS">
          <reporter-output>
          </reporter-output>
        </test-method> <!-- testProperty -->
        <test-method signature="moreInfo()[pri:2, instance:api.test.TC0005_api@1a7288a3]" started-at="2024-06-13T21:15:12 IST" name="moreInfo" finished-at="2024-06-13T21:15:15 IST" duration-ms="2456" status="PASS">
          <reporter-output>
          </reporter-output>
        </test-method> <!-- moreInfo -->
      </class> <!-- api.test.TC0005_api -->
    </test> <!-- Leadrat Test -->
  </suite> <!-- LeadRatSuite -->
</testng-results>
