<?xml version="1.0" encoding="UTF-8"?>
<testng-results ignored="0" total="1" passed="1" failed="0" skipped="0">
  <reporter-output>
  </reporter-output>
  <suite started-at="2024-07-27T09:35:39 IST" name="LeadRatSuite" finished-at="2024-07-27T09:36:39 IST" duration-ms="59254">
    <groups>
    </groups>
    <test started-at="2024-07-27T09:35:39 IST" name="Leadrat Test" finished-at="2024-07-27T09:36:39 IST" duration-ms="59254">
      <class name="web.test.TC010_BookingForm">
        <test-method is-config="true" signature="setUp(java.lang.String)[pri:0, instance:web.test.TC010_BookingForm@7eac9008]" started-at="2024-07-27T09:35:40 IST" name="setUp" finished-at="2024-07-27T09:35:49 IST" duration-ms="9352" status="PASS">
          <params>
            <param index="0">
              <value>
                <![CDATA[chrome]]>
              </value>
            </param>
          </params>
          <reporter-output>
          </reporter-output>
        </test-method> <!-- setUp -->
        <test-method signature="Updating_leadStatus_as_Booked_by_filling_BookingForm_and_cancelling_Booking()[pri:0, instance:web.test.TC010_BookingForm@7eac9008]" started-at="2024-07-27T09:35:49 IST" name="Updating_leadStatus_as_Booked_by_filling_BookingForm_and_cancelling_Booking" finished-at="2024-07-27T09:36:38 IST" duration-ms="48577" status="PASS">
          <reporter-output>
          </reporter-output>
        </test-method> <!-- Updating_leadStatus_as_Booked_by_filling_BookingForm_and_cancelling_Booking -->
        <test-method is-config="true" signature="tearDown()[pri:0, instance:web.test.TC010_BookingForm@7eac9008]" started-at="2024-07-27T09:36:38 IST" name="tearDown" finished-at="2024-07-27T09:36:39 IST" duration-ms="504" status="PASS">
          <reporter-output>
          </reporter-output>
        </test-method> <!-- tearDown -->
      </class> <!-- web.test.TC010_BookingForm -->
    </test> <!-- Leadrat Test -->
  </suite> <!-- LeadRatSuite -->
</testng-results>
