<?xml version="1.0" encoding="UTF-8"?>
<testng-results ignored="0" total="4" passed="4" failed="0" skipped="0">
  <reporter-output>
  </reporter-output>
  <suite started-at="2024-10-06T15:59:12 IST" name="LeadRatSuite" finished-at="2024-10-06T16:00:19 IST" duration-ms="67120">
    <groups>
    </groups>
    <test started-at="2024-10-06T15:59:12 IST" name="Leadrat Test" finished-at="2024-10-06T16:00:19 IST" duration-ms="67120">
      <class name="web.test.TC008_Drop">
        <test-method is-config="true" signature="setUp(java.lang.String)[pri:0, instance:web.test.TC008_Drop@7ee8290b]" started-at="2024-10-06T15:59:13 IST" name="setUp" finished-at="2024-10-06T15:59:24 IST" duration-ms="11747" status="PASS">
          <params>
            <param index="0">
              <value>
                <![CDATA[chrome]]>
              </value>
            </param>
          </params>
          <reporter-output>
          </reporter-output>
        </test-method> <!-- setUp -->
        <test-method signature="Updating_LeadStatus_to_Drop()[pri:0, instance:web.test.TC008_Drop@7ee8290b]" started-at="2024-10-06T15:59:24 IST" name="Updating_LeadStatus_to_Drop" finished-at="2024-10-06T15:59:42 IST" duration-ms="17550" status="PASS">
          <reporter-output>
          </reporter-output>
        </test-method> <!-- Updating_LeadStatus_to_Drop -->
        <test-method is-config="true" signature="tearDown()[pri:0, instance:web.test.TC008_Drop@7ee8290b]" started-at="2024-10-06T15:59:42 IST" name="tearDown" finished-at="2024-10-06T15:59:42 IST" duration-ms="391" status="PASS">
          <reporter-output>
          </reporter-output>
        </test-method> <!-- tearDown -->
      </class> <!-- web.test.TC008_Drop -->
      <class name="api.test.TC0005_api">
        <test-method signature="Creating_a_Property_through_API()[pri:1, instance:api.test.TC0005_api@30d4b288]" started-at="2024-10-06T16:00:07 IST" name="Creating_a_Property_through_API" finished-at="2024-10-06T16:00:13 IST" duration-ms="5709" status="PASS">
          <reporter-output>
          </reporter-output>
        </test-method> <!-- Creating_a_Property_through_API -->
        <test-method signature="Adding_more_info_to_the_property()[pri:2, instance:api.test.TC0005_api@30d4b288]" started-at="2024-10-06T16:00:13 IST" name="Adding_more_info_to_the_property" finished-at="2024-10-06T16:00:19 IST" duration-ms="6612" status="PASS">
          <reporter-output>
          </reporter-output>
        </test-method> <!-- Adding_more_info_to_the_property -->
      </class> <!-- api.test.TC0005_api -->
      <class name="web.test.TC009_EOP">
        <test-method is-config="true" signature="setUp(java.lang.String)[pri:0, instance:web.test.TC009_EOP@3098cf3b]" started-at="2024-10-06T15:59:42 IST" name="setUp" finished-at="2024-10-06T15:59:54 IST" duration-ms="12020" status="PASS">
          <params>
            <param index="0">
              <value>
                <![CDATA[chrome]]>
              </value>
            </param>
          </params>
          <reporter-output>
          </reporter-output>
        </test-method> <!-- setUp -->
        <test-method signature="Updating_LeadStatus_to_ExpressionofInterest()[pri:0, instance:web.test.TC009_EOP@3098cf3b]" started-at="2024-10-06T15:59:54 IST" name="Updating_LeadStatus_to_ExpressionofInterest" finished-at="2024-10-06T16:00:07 IST" duration-ms="12248" status="PASS">
          <reporter-output>
          </reporter-output>
        </test-method> <!-- Updating_LeadStatus_to_ExpressionofInterest -->
        <test-method is-config="true" signature="tearDown()[pri:0, instance:web.test.TC009_EOP@3098cf3b]" started-at="2024-10-06T16:00:07 IST" name="tearDown" finished-at="2024-10-06T16:00:07 IST" duration-ms="362" status="PASS">
          <reporter-output>
          </reporter-output>
        </test-method> <!-- tearDown -->
      </class> <!-- web.test.TC009_EOP -->
    </test> <!-- Leadrat Test -->
  </suite> <!-- LeadRatSuite -->
</testng-results>
