<?xml version="1.0" encoding="UTF-8"?>
<testng-results ignored="0" total="2" passed="2" failed="0" skipped="0">
  <reporter-output>
  </reporter-output>
  <suite started-at="2024-09-26T08:33:15 IST" name="LeadRatSuite" finished-at="2024-09-26T08:33:23 IST" duration-ms="8121">
    <groups>
    </groups>
    <test started-at="2024-09-26T08:33:15 IST" name="Leadrat Test" finished-at="2024-09-26T08:33:23 IST" duration-ms="8121">
      <class name="api.test.TC0005_api">
        <test-method signature="Creating_a_Property_through_API()[pri:1, instance:api.test.TC0005_api@201b6b6f]" started-at="2024-09-26T08:33:15 IST" name="Creating_a_Property_through_API" finished-at="2024-09-26T08:33:20 IST" duration-ms="5303" status="PASS">
          <reporter-output>
          </reporter-output>
        </test-method> <!-- Creating_a_Property_through_API -->
        <test-method signature="Adding_more_info_to_the_property()[pri:2, instance:api.test.TC0005_api@201b6b6f]" started-at="2024-09-26T08:33:20 IST" name="Adding_more_info_to_the_property" finished-at="2024-09-26T08:33:23 IST" duration-ms="2485" status="PASS">
          <reporter-output>
          </reporter-output>
        </test-method> <!-- Adding_more_info_to_the_property -->
      </class> <!-- api.test.TC0005_api -->
    </test> <!-- Leadrat Test -->
  </suite> <!-- LeadRatSuite -->
</testng-results>
