<?xml version="1.0" encoding="UTF-8"?>
<testng-results ignored="0" total="7" passed="7" failed="0" skipped="0">
  <reporter-output>
  </reporter-output>
  <suite started-at="2024-07-08T22:25:08 IST" name="LeadRatSuite" finished-at="2024-07-08T22:28:23 IST" duration-ms="195130">
    <groups>
    </groups>
    <test started-at="2024-07-08T22:25:08 IST" name="Leadrat Test" finished-at="2024-07-08T22:28:23 IST" duration-ms="195130">
      <class name="web.test.TC002_AddData">
        <test-method is-config="true" signature="setup(java.lang.String)[pri:0, instance:web.test.TC002_AddData@66d18979]" started-at="2024-07-08T22:25:43 IST" name="setup" finished-at="2024-07-08T22:25:45 IST" duration-ms="1937" status="PASS">
          <params>
            <param index="0">
              <value>
                <![CDATA[chrome]]>
              </value>
            </param>
          </params>
          <reporter-output>
          </reporter-output>
        </test-method> <!-- setup -->
        <test-method is-config="true" signature="setUp()[pri:0, instance:web.test.TC002_AddData@66d18979]" started-at="2024-07-08T22:25:45 IST" name="setUp" finished-at="2024-07-08T22:25:54 IST" duration-ms="9132" status="PASS">
          <reporter-output>
          </reporter-output>
        </test-method> <!-- setUp -->
        <test-method signature="addingData()[pri:0, instance:web.test.TC002_AddData@66d18979]" started-at="2024-07-08T22:25:54 IST" name="addingData" finished-at="2024-07-08T22:26:16 IST" duration-ms="22525" status="PASS">
          <reporter-output>
          </reporter-output>
        </test-method> <!-- addingData -->
        <test-method is-config="true" signature="teardown()[pri:0, instance:web.test.TC002_AddData@66d18979]" started-at="2024-07-08T22:26:16 IST" name="teardown" finished-at="2024-07-08T22:26:17 IST" duration-ms="1157" status="PASS">
          <reporter-output>
          </reporter-output>
        </test-method> <!-- teardown -->
      </class> <!-- web.test.TC002_AddData -->
      <class name="web.test.TC001_AddLead">
        <test-method is-config="true" signature="setup(java.lang.String)[pri:0, instance:web.test.TC001_AddLead@2de23121]" started-at="2024-07-08T22:25:08 IST" name="setup" finished-at="2024-07-08T22:25:14 IST" duration-ms="5215" status="PASS">
          <params>
            <param index="0">
              <value>
                <![CDATA[chrome]]>
              </value>
            </param>
          </params>
          <reporter-output>
          </reporter-output>
        </test-method> <!-- setup -->
        <test-method is-config="true" signature="setUp()[pri:0, instance:web.test.TC001_AddLead@2de23121]" started-at="2024-07-08T22:25:14 IST" name="setUp" finished-at="2024-07-08T22:25:21 IST" duration-ms="7864" status="PASS">
          <reporter-output>
          </reporter-output>
        </test-method> <!-- setUp -->
        <test-method signature="addingLead()[pri:0, instance:web.test.TC001_AddLead@2de23121]" started-at="2024-07-08T22:25:21 IST" name="addingLead" finished-at="2024-07-08T22:25:42 IST" duration-ms="20766" status="PASS">
          <reporter-output>
          </reporter-output>
        </test-method> <!-- addingLead -->
        <test-method is-config="true" signature="teardown()[pri:0, instance:web.test.TC001_AddLead@2de23121]" started-at="2024-07-08T22:25:42 IST" name="teardown" finished-at="2024-07-08T22:25:43 IST" duration-ms="457" status="PASS">
          <reporter-output>
          </reporter-output>
        </test-method> <!-- teardown -->
      </class> <!-- web.test.TC001_AddLead -->
      <class name="web.test.TC003_dpTest">
        <test-method is-config="true" signature="setup(java.lang.String)[pri:0, instance:web.test.TC003_dpTest@bccb269]" started-at="2024-07-08T22:26:17 IST" name="setup" finished-at="2024-07-08T22:26:19 IST" duration-ms="2072" status="PASS">
          <params>
            <param index="0">
              <value>
                <![CDATA[chrome]]>
              </value>
            </param>
          </params>
          <reporter-output>
          </reporter-output>
        </test-method> <!-- setup -->
        <test-method is-config="true" signature="setUp()[pri:0, instance:web.test.TC003_dpTest@bccb269]" started-at="2024-07-08T22:26:22 IST" name="setUp" finished-at="2024-07-08T22:26:26 IST" duration-ms="4253" status="PASS">
          <reporter-output>
          </reporter-output>
        </test-method> <!-- setUp -->
        <test-method signature="LoginDDt(java.lang.String,java.lang.String)[pri:0, instance:web.test.TC003_dpTest@bccb269]" started-at="2024-07-08T22:26:26 IST" name="LoginDDt" data-provider="LoginData" finished-at="2024-07-08T22:26:55 IST" duration-ms="29340" status="PASS">
          <params>
            <param index="0">
              <value>
                <![CDATA[Rajaneesh]]>
              </value>
            </param>
            <param index="1">
              <value>
                <![CDATA[raj@123]]>
              </value>
            </param>
          </params>
          <reporter-output>
          </reporter-output>
        </test-method> <!-- LoginDDt -->
        <test-method is-config="true" signature="setUp()[pri:0, instance:web.test.TC003_dpTest@bccb269]" started-at="2024-07-08T22:26:55 IST" name="setUp" finished-at="2024-07-08T22:26:57 IST" duration-ms="1622" status="PASS">
          <reporter-output>
          </reporter-output>
        </test-method> <!-- setUp -->
        <test-method signature="LoginDDt(java.lang.String,java.lang.String)[pri:0, instance:web.test.TC003_dpTest@bccb269]" started-at="2024-07-08T22:26:57 IST" name="LoginDDt" data-provider="LoginData" finished-at="2024-07-08T22:27:22 IST" duration-ms="25347" status="PASS">
          <params>
            <param index="0">
              <value>
                <![CDATA[mounikapampana]]>
              </value>
            </param>
            <param index="1">
              <value>
                <![CDATA[P@ssw0rd!1]]>
              </value>
            </param>
          </params>
          <reporter-output>
          </reporter-output>
        </test-method> <!-- LoginDDt -->
        <test-method is-config="true" signature="setUp()[pri:0, instance:web.test.TC003_dpTest@bccb269]" started-at="2024-07-08T22:27:22 IST" name="setUp" finished-at="2024-07-08T22:27:24 IST" duration-ms="1625" status="PASS">
          <reporter-output>
          </reporter-output>
        </test-method> <!-- setUp -->
        <test-method signature="LoginDDt(java.lang.String,java.lang.String)[pri:0, instance:web.test.TC003_dpTest@bccb269]" started-at="2024-07-08T22:27:24 IST" name="LoginDDt" data-provider="LoginData" finished-at="2024-07-08T22:27:30 IST" duration-ms="5846" status="PASS">
          <params>
            <param index="0">
              <value>
                <![CDATA[BasicUser]]>
              </value>
            </param>
            <param index="1">
              <value>
                <![CDATA[Basicuser@123]]>
              </value>
            </param>
          </params>
          <reporter-output>
          </reporter-output>
        </test-method> <!-- LoginDDt -->
        <test-method is-config="true" signature="setUp()[pri:0, instance:web.test.TC003_dpTest@bccb269]" started-at="2024-07-08T22:27:30 IST" name="setUp" finished-at="2024-07-08T22:27:31 IST" duration-ms="1393" status="PASS">
          <reporter-output>
          </reporter-output>
        </test-method> <!-- setUp -->
        <test-method signature="LoginDDt(java.lang.String,java.lang.String)[pri:0, instance:web.test.TC003_dpTest@bccb269]" started-at="2024-07-08T22:27:31 IST" name="LoginDDt" data-provider="LoginData" finished-at="2024-07-08T22:27:56 IST" duration-ms="24843" status="PASS">
          <params>
            <param index="0">
              <value>
                <![CDATA[test@123]]>
              </value>
            </param>
            <param index="1">
              <value>
                <![CDATA[P@ssw0rd!]]>
              </value>
            </param>
          </params>
          <reporter-output>
          </reporter-output>
        </test-method> <!-- LoginDDt -->
        <test-method is-config="true" signature="setUp()[pri:0, instance:web.test.TC003_dpTest@bccb269]" started-at="2024-07-08T22:27:56 IST" name="setUp" finished-at="2024-07-08T22:27:57 IST" duration-ms="1524" status="PASS">
          <reporter-output>
          </reporter-output>
        </test-method> <!-- setUp -->
        <test-method signature="LoginDDt(java.lang.String,java.lang.String)[pri:0, instance:web.test.TC003_dpTest@bccb269]" started-at="2024-07-08T22:27:57 IST" name="LoginDDt" data-provider="LoginData" finished-at="2024-07-08T22:28:23 IST" duration-ms="25439" status="PASS">
          <params>
            <param index="0">
              <value>
                <![CDATA[rajeev@123]]>
              </value>
            </param>
            <param index="1">
              <value>
                <![CDATA[Rajeev@123]]>
              </value>
            </param>
          </params>
          <reporter-output>
          </reporter-output>
        </test-method> <!-- LoginDDt -->
        <test-method is-config="true" signature="teardown()[pri:0, instance:web.test.TC003_dpTest@bccb269]" started-at="2024-07-08T22:28:23 IST" name="teardown" finished-at="2024-07-08T22:28:23 IST" duration-ms="491" status="PASS">
          <reporter-output>
          </reporter-output>
        </test-method> <!-- teardown -->
      </class> <!-- web.test.TC003_dpTest -->
    </test> <!-- Leadrat Test -->
  </suite> <!-- LeadRatSuite -->
</testng-results>
