<?xml version="1.0" encoding="UTF-8"?>
<testng-results ignored="0" total="0" passed="0" failed="0" skipped="0">
  <reporter-output>
  </reporter-output>
  <suite started-at="2024-07-28T10:22:05 IST" name="LeadRatSuite" finished-at="2024-07-28T10:22:06 IST" duration-ms="680">
    <groups>
    </groups>
    <test started-at="2024-07-28T10:22:05 IST" name="Leadrat Test" finished-at="2024-07-28T10:22:06 IST" duration-ms="680">
    </test> <!-- Leadrat Test -->
  </suite> <!-- LeadRatSuite -->
</testng-results>
