<?xml version="1.0" encoding="UTF-8"?>
<testng-results ignored="1" total="13" passed="12" failed="0" skipped="0">
  <reporter-output>
  </reporter-output>
  <suite started-at="2024-04-26T11:08:17 IST" name="LeadRatSuite" finished-at="2024-04-26T11:09:05 IST" duration-ms="47979">
    <groups>
    </groups>
    <test started-at="2024-04-26T11:08:17 IST" name="Leadrat Test" finished-at="2024-04-26T11:09:05 IST" duration-ms="47979">
      <class name="api.test.TC0001_api">
        <test-method signature="Housing()[pri:0, instance:api.test.TC0001_api@57ac5227]" started-at="2024-04-26T11:08:18 IST" name="Housing" finished-at="2024-04-26T11:08:24 IST" duration-ms="6877" status="PASS">
          <reporter-output>
          </reporter-output>
        </test-method> <!-- Housing -->
        <test-method signature="NinetyNineAcres()[pri:0, instance:api.test.TC0001_api@57ac5227]" started-at="2024-04-26T11:08:24 IST" name="NinetyNineAcres" finished-at="2024-04-26T11:08:27 IST" duration-ms="2533" status="PASS">
          <reporter-output>
          </reporter-output>
        </test-method> <!-- NinetyNineAcres -->
        <test-method signature="commonFloor()[pri:0, instance:api.test.TC0001_api@57ac5227]" started-at="2024-04-26T11:08:27 IST" name="commonFloor" finished-at="2024-04-26T11:08:30 IST" duration-ms="3259" status="PASS">
          <reporter-output>
          </reporter-output>
        </test-method> <!-- commonFloor -->
        <test-method signature="estateDekho()[pri:0, instance:api.test.TC0001_api@57ac5227]" started-at="2024-04-26T11:08:30 IST" name="estateDekho" finished-at="2024-04-26T11:08:34 IST" duration-ms="3289" status="PASS">
          <reporter-output>
          </reporter-output>
        </test-method> <!-- estateDekho -->
        <test-method signature="googleAds()[pri:0, instance:api.test.TC0001_api@57ac5227]" started-at="2024-04-26T11:08:34 IST" name="googleAds" finished-at="2024-04-26T11:08:37 IST" duration-ms="3070" status="PASS">
          <reporter-output>
          </reporter-output>
        </test-method> <!-- googleAds -->
        <test-method signature="magicBricks()[pri:0, instance:api.test.TC0001_api@57ac5227]" started-at="2024-04-26T11:08:37 IST" name="magicBricks" finished-at="2024-04-26T11:08:40 IST" duration-ms="3056" status="PASS">
          <reporter-output>
          </reporter-output>
        </test-method> <!-- magicBricks -->
        <test-method signature="microsoftAds()[pri:0, instance:api.test.TC0001_api@57ac5227]" started-at="2024-04-26T11:08:40 IST" name="microsoftAds" finished-at="2024-04-26T11:08:43 IST" duration-ms="3061" status="PASS">
          <reporter-output>
          </reporter-output>
        </test-method> <!-- microsoftAds -->
        <test-method signature="quikrHomes()[pri:0, instance:api.test.TC0001_api@57ac5227]" started-at="2024-04-26T11:08:43 IST" name="quikrHomes" finished-at="2024-04-26T11:08:51 IST" duration-ms="8093" status="PASS">
          <reporter-output>
          </reporter-output>
        </test-method> <!-- quikrHomes -->
        <test-method signature="roofFloor()[pri:0, instance:api.test.TC0001_api@57ac5227]" started-at="2024-04-26T11:08:51 IST" name="roofFloor" finished-at="2024-04-26T11:08:56 IST" duration-ms="5109" status="PASS">
          <reporter-output>
          </reporter-output>
        </test-method> <!-- roofFloor -->
        <test-method signature="website()[pri:0, instance:api.test.TC0001_api@57ac5227]" started-at="2024-04-26T11:08:56 IST" name="website" finished-at="2024-04-26T11:08:59 IST" duration-ms="2861" status="PASS">
          <reporter-output>
          </reporter-output>
        </test-method> <!-- website -->
      </class> <!-- api.test.TC0001_api -->
      <class name="api.test.TC0003_api">
        <test-method signature="adddata()[pri:0, instance:api.test.TC0003_api@13f17eb4]" started-at="2024-04-26T11:09:03 IST" name="adddata" finished-at="2024-04-26T11:09:05 IST" duration-ms="2061" status="PASS">
          <reporter-output>
          </reporter-output>
        </test-method> <!-- adddata -->
      </class> <!-- api.test.TC0003_api -->
      <class name="api.test.TC0002_api">
        <test-method signature="addLead()[pri:0, instance:api.test.TC0002_api@f001896]" started-at="2024-04-26T11:08:59 IST" name="addLead" finished-at="2024-04-26T11:09:03 IST" duration-ms="4300" status="PASS">
          <reporter-output>
          </reporter-output>
        </test-method> <!-- addLead -->
      </class> <!-- api.test.TC0002_api -->
    </test> <!-- Leadrat Test -->
  </suite> <!-- LeadRatSuite -->
</testng-results>
