<?xml version="1.0" encoding="UTF-8"?>
<!-- Generated by org.testng.reporters.JUnitXMLReporter -->
<testsuite ignored="1" hostname="Rajaneesh" failures="0" tests="12" name="Leadrat Test" time="46.236" errors="0" timestamp="2024-04-26T14:38:28 IST">
  <testcase classname="api.test.TC0001_api" name="Housing" time="6.001"/>
  <testcase classname="api.test.TC0001_api" name="NinetyNineAcres" time="2.593"/>
  <testcase classname="api.test.TC0001_api" name="commonFloor" time="3.053"/>
  <testcase classname="api.test.TC0001_api" name="estateDekho" time="2.381"/>
  <testcase classname="api.test.TC0001_api" name="googleAds" time="2.72"/>
  <testcase classname="api.test.TC0001_api" name="magicBricks" time="1.75"/>
  <testcase classname="api.test.TC0001_api" name="microsoftAds" time="7.666"/>
  <testcase classname="api.test.TC0001_api" name="quikrHomes" time="2.901"/>
  <testcase classname="api.test.TC0001_api" name="roofFloor" time="6.449"/>
  <testcase classname="api.test.TC0001_api" name="website" time="5.93"/>
  <testcase classname="api.test.TC0002_api" name="addLead" time="2.718"/>
  <testcase classname="api.test.TC0003_api" name="adddata" time="1.766"/>
  <testcase classname="api.test.TC0001_api" name="realestaeIndia" time="0.0">
    <ignored/>
  </testcase> <!-- realestaeIndia -->
</testsuite> <!-- Leadrat Test -->
