<?xml version="1.0" encoding="UTF-8"?>
<!-- Generated by org.testng.reporters.JUnitXMLReporter -->
<testsuite ignored="0" hostname="Rajaneesh" failures="0" tests="9" name="Leadrat Test" time="20.368" errors="0" timestamp="2024-05-22T23:08:35 IST">
  <testcase classname="api.test.TC0002_api" name="addLead" time="7.549"/>
  <testcase classname="api.test.TC0003_api" name="adddata" time="2.133"/>
  <testcase classname="api.test.TC0004_api" name="testProject" time="1.387"/>
  <testcase classname="api.test.TC0004_api" name="testUnit" time="0.757"/>
  <testcase classname="api.test.TC0004_api" name="testBlock" time="0.59"/>
  <testcase classname="api.test.TC0004_api" name="testAmenity" time="1.503"/>
  <testcase classname="api.test.TC0004_api" name="testGallery" time="0.588"/>
  <testcase classname="api.test.TC0005_api" name="testProperty" time="2.335"/>
  <testcase classname="api.test.TC0005_api" name="moreInfo" time="2.983"/>
</testsuite> <!-- Leadrat Test -->
