<?xml version="1.0" encoding="UTF-8"?>
<!-- Generated by org.testng.reporters.JUnitXMLReporter -->
<testsuite ignored="0" hostname="Rajaneesh" failures="1" tests="12" name="Leadrat Test" time="18.527" errors="0" timestamp="2024-07-23T00:06:56 IST">
  <testcase classname="api.test.TC0001_api" name="Housing" time="5.552"/>
  <testcase classname="api.test.TC0001_api" name="NinetyNineAcres" time="0.973"/>
  <testcase classname="api.test.TC0001_api" name="commonFloor" time="1.37"/>
  <testcase classname="api.test.TC0001_api" name="estateDekho" time="1.043"/>
  <testcase classname="api.test.TC0001_api" name="googleAds" time="3.324"/>
  <testcase classname="api.test.TC0001_api" name="magicBricks" time="0.959"/>
  <testcase classname="api.test.TC0001_api" name="microsoftAds" time="1.032"/>
  <testcase classname="api.test.TC0001_api" name="quikrHomes" time="0.917"/>
  <testcase classname="api.test.TC0001_api" name="realestaeIndia" time="0.412">
    <skipped/>
  </testcase> <!-- realestaeIndia -->
  <testcase classname="api.test.TC0001_api" name="realestaeIndia" time="0.382">
    <failure type="java.lang.AssertionError" message="1 expectation failed.
Expected status code &amp;lt;200&amp;gt; but was &amp;lt;500&amp;gt;.
">
      <![CDATA[java.lang.AssertionError: 1 expectation failed.
Expected status code <200> but was <500>.

at org.codehaus.groovy.runtime.callsite.ConstructorSite$ConstructorSiteNoUnwrapNoCoerce.callConstructor(ConstructorSite.java:108)
at org.codehaus.groovy.runtime.callsite.AbstractCallSite.callConstructor(AbstractCallSite.java:277)
at io.restassured.internal.ResponseSpecificationImpl$HamcrestAssertionClosure.validate(ResponseSpecificationImpl.groovy:512)
at io.restassured.internal.ResponseSpecificationImpl$HamcrestAssertionClosure$validate$1.call(Unknown Source)
at io.restassured.internal.ResponseSpecificationImpl.validateResponseIfRequired(ResponseSpecificationImpl.groovy:696)
at io.restassured.internal.ResponseSpecificationImpl.this$2$validateResponseIfRequired(ResponseSpecificationImpl.groovy)
at org.codehaus.groovy.runtime.callsite.PlainObjectMetaMethodSite.doInvoke(PlainObjectMetaMethodSite.java:43)
at org.codehaus.groovy.runtime.callsite.PogoMetaMethodSite$PogoCachedMethodSiteNoUnwrapNoCoerce.invoke(PogoMetaMethodSite.java:198)
at org.codehaus.groovy.runtime.callsite.PogoMetaMethodSite.callCurrent(PogoMetaMethodSite.java:62)
at org.codehaus.groovy.runtime.callsite.AbstractCallSite.callCurrent(AbstractCallSite.java:185)
at io.restassured.internal.ResponseSpecificationImpl.statusCode(ResponseSpecificationImpl.groovy:135)
at io.restassured.specification.ResponseSpecification$statusCode$0.callCurrent(Unknown Source)
at io.restassured.internal.ResponseSpecificationImpl.statusCode(ResponseSpecificationImpl.groovy:143)
at io.restassured.internal.ValidatableResponseOptionsImpl.statusCode(ValidatableResponseOptionsImpl.java:89)
at api.test.TC0001_api.realestaeIndia(TC0001_api.java:193)
at java.base/java.util.ArrayList.forEach(ArrayList.java:1511)
... Removed 36 stack frames]]>
    </failure>
  </testcase> <!-- realestaeIndia -->
  <testcase classname="api.test.TC0001_api" name="roofFloor" time="0.891"/>
  <testcase classname="api.test.TC0001_api" name="website" time="1.206"/>
</testsuite> <!-- Leadrat Test -->
